<?xml version="1.0" encoding="UTF-8"?>
<Site BuildName="(empty)"
	BuildStamp="20241219-0408-Experimental"
	Name="robot"
	Generator="ctest-3.10.2"
	CompilerName="/usr/bin/aarch64-linux-gnu-g++"
	CompilerVersion="7.5.0"
	OSName="Linux"
	Hostname="robot"
	OSRelease="4.9.337-tegra"
	OSVersion="#1 SMP PREEMPT Tue Jun 11 16:07:05 PDT 2024"
	OSPlatform="aarch64"
	Is64Bits="1"
	VendorString=""
	VendorID="Unknown Manufacturer"
	FamilyID="8"
	ModelID="0"
	ProcessorCacheSize="0"
	NumberOfLogicalCPU="4"
	NumberOfPhysicalCPU="1"
	TotalVirtualMemory="1980"
	TotalPhysicalMemory="3960"
	LogicalProcessorsPerPhysical="4"
	ProcessorClockFrequency="0"
	>
	<Testing>
		<StartDateTime>Dec 19 11:08 +07</StartDateTime>
		<StartTestTime>1734581302</StartTestTime>
		<TestList/>
		<EndDateTime>Dec 19 11:08 +07</EndDateTime>
		<EndTestTime>1734581302</EndTestTime>
		<ElapsedMinutes>0</ElapsedMinutes>
	</Testing>
</Site>
